2025-11-30 14:36:31,318 - UltimateGroupKingBot - ERROR - handle_error:112 - Exception while handling an update: MagicalFeatures.magic_spell_command() takes 3 positional arguments but 4 were given
2025-11-30 14:36:31,318 - UltimateGroupKingBot - ERROR - handle_error:112 - Exception while handling an update: MagicalFeatures.magic_spell_command() takes 3 positional arguments but 4 were given
2025-11-30 14:36:31,504 - UltimateGroupKingBot - INFO - _save_error_to_db:263 - Error saved to database: 2025-11-30T14:36:31.331382 - database
2025-11-30 14:36:31,504 - UltimateGroupKingBot - INFO - _save_error_to_db:263 - Error saved to database: 2025-11-30T14:36:31.331382 - database
2025-11-30 14:36:33,727 - UltimateGroupKingBot - CRITICAL - _check_critical_error:385 - CRITICAL ERROR: {'timestamp': '2025-11-30T14:36:33.726160', 'category': 'database', 'error_type': 'TypeError', 'error_message': 'MagicalFeatures.magic_spell_command() takes 3 positional arguments but 4 were given', 'traceback': 'Traceback (most recent call last):\n  File "C:\\Users\\DELL\\AppData\\Local\\Programs\\Python\\Python312\\Lib\\site-packages\\telegram\\ext\\_application.py", line 1315, in process_update\n    await coroutine\n  File "C:\\Users\\DELL\\AppData\\Local\\Programs\\Python\\Python312\\Lib\\site-packages\\telegram\\ext\\_handlers\\basehandler.py", line 159, in handle_update\n    return await self.callback(update, context)\n                 ^^^^^^^^^^^^^^^^^^^^^^^^^^^^^^\n  File "C:\\Users\\DELL\\OneDrive\\Desktop\\chaos\\bot_launcher.py", line 459, in <lambda>\n    application.add_handler(CommandHandler("fire", lambda u,c: magical.magic_spell_command(u,c, ["fire"])))\n                                                               ^^^^^^^^^^^^^^^^^^^^^^^^^^^^^^^^^^^^^^^^^^\nTypeError: MagicalFeatures.magic_spell_command() takes 3 positional arguments but 4 were given\n'}
2025-11-30 14:36:33,727 - UltimateGroupKingBot - CRITICAL - _check_critical_error:385 - CRITICAL ERROR: {'timestamp': '2025-11-30T14:36:33.726160', 'category': 'database', 'error_type': 'TypeError', 'error_message': 'MagicalFeatures.magic_spell_command() takes 3 positional arguments but 4 were given', 'traceback': 'Traceback (most recent call last):\n  File "C:\\Users\\DELL\\AppData\\Local\\Programs\\Python\\Python312\\Lib\\site-packages\\telegram\\ext\\_application.py", line 1315, in process_update\n    await coroutine\n  File "C:\\Users\\DELL\\AppData\\Local\\Programs\\Python\\Python312\\Lib\\site-packages\\telegram\\ext\\_handlers\\basehandler.py", line 159, in handle_update\n    return await self.callback(update, context)\n                 ^^^^^^^^^^^^^^^^^^^^^^^^^^^^^^\n  File "C:\\Users\\DELL\\OneDrive\\Desktop\\chaos\\bot_launcher.py", line 459, in <lambda>\n    application.add_handler(CommandHandler("fire", lambda u,c: magical.magic_spell_command(u,c, ["fire"])))\n                                                               ^^^^^^^^^^^^^^^^^^^^^^^^^^^^^^^^^^^^^^^^^^\nTypeError: MagicalFeatures.magic_spell_command() takes 3 positional arguments but 4 were given\n'}
2025-11-30 14:39:21,902 - UltimateGroupKingBot - ERROR - handle_error:112 - Exception while handling an update: httpx.ConnectError: [Errno 11001] getaddrinfo failed
2025-11-30 14:39:21,902 - UltimateGroupKingBot - ERROR - handle_error:112 - Exception while handling an update: httpx.ConnectError: [Errno 11001] getaddrinfo failed
2025-11-30 14:39:21,903 - UltimateGroupKingBot - ERROR - _log_detailed_error:184 - Detailed error info: {'timestamp': '2025-11-30T14:39:21.903113', 'category': 'telegram_api', 'error_type': 'NetworkError', 'error_message': 'httpx.ConnectError: [Errno 11001] getaddrinfo failed', 'traceback': 'NoneType: None\n', 'update_info': {}, 'context_info': {'bot_data': '{}', 'chat_data': 'None', 'user_data': 'None'}}
2025-11-30 14:39:21,903 - UltimateGroupKingBot - ERROR - _log_detailed_error:184 - Detailed error info: {'timestamp': '2025-11-30T14:39:21.903113', 'category': 'telegram_api', 'error_type': 'NetworkError', 'error_message': 'httpx.ConnectError: [Errno 11001] getaddrinfo failed', 'traceback': 'NoneType: None\n', 'update_info': {}, 'context_info': {'bot_data': '{}', 'chat_data': 'None', 'user_data': 'None'}}
2025-11-30 14:39:21,904 - UltimateGroupKingBot - INFO - _save_error_to_db:263 - Error saved to database: 2025-11-30T14:39:21.903113 - telegram_api
2025-11-30 14:39:21,904 - UltimateGroupKingBot - INFO - _save_error_to_db:263 - Error saved to database: 2025-11-30T14:39:21.903113 - telegram_api
2025-11-30 14:39:21,905 - UltimateGroupKingBot - CRITICAL - _check_critical_error:385 - CRITICAL ERROR: {'timestamp': '2025-11-30T14:39:21.905554', 'category': 'telegram_api', 'error_type': 'NetworkError', 'error_message': 'httpx.ConnectError: [Errno 11001] getaddrinfo failed', 'traceback': 'NoneType: None\n'}
2025-11-30 14:39:21,905 - UltimateGroupKingBot - CRITICAL - _check_critical_error:385 - CRITICAL ERROR: {'timestamp': '2025-11-30T14:39:21.905554', 'category': 'telegram_api', 'error_type': 'NetworkError', 'error_message': 'httpx.ConnectError: [Errno 11001] getaddrinfo failed', 'traceback': 'NoneType: None\n'}
2025-11-30 14:39:22,920 - UltimateGroupKingBot - ERROR - handle_error:112 - Exception while handling an update: httpx.ConnectError: [Errno 11001] getaddrinfo failed
2025-11-30 14:39:22,920 - UltimateGroupKingBot - ERROR - handle_error:112 - Exception while handling an update: httpx.ConnectError: [Errno 11001] getaddrinfo failed
2025-11-30 14:39:22,920 - UltimateGroupKingBot - ERROR - _log_detailed_error:184 - Detailed error info: {'timestamp': '2025-11-30T14:39:22.920476', 'category': 'telegram_api', 'error_type': 'NetworkError', 'error_message': 'httpx.ConnectError: [Errno 11001] getaddrinfo failed', 'traceback': 'NoneType: None\n', 'update_info': {}, 'context_info': {'bot_data': '{}', 'chat_data': 'None', 'user_data': 'None'}}
2025-11-30 14:39:22,920 - UltimateGroupKingBot - ERROR - _log_detailed_error:184 - Detailed error info: {'timestamp': '2025-11-30T14:39:22.920476', 'category': 'telegram_api', 'error_type': 'NetworkError', 'error_message': 'httpx.ConnectError: [Errno 11001] getaddrinfo failed', 'traceback': 'NoneType: None\n', 'update_info': {}, 'context_info': {'bot_data': '{}', 'chat_data': 'None', 'user_data': 'None'}}
2025-11-30 14:39:22,921 - UltimateGroupKingBot - INFO - _save_error_to_db:263 - Error saved to database: 2025-11-30T14:39:22.920476 - telegram_api
2025-11-30 14:39:22,921 - UltimateGroupKingBot - INFO - _save_error_to_db:263 - Error saved to database: 2025-11-30T14:39:22.920476 - telegram_api
2025-11-30 14:39:22,921 - UltimateGroupKingBot - CRITICAL - _check_critical_error:385 - CRITICAL ERROR: {'timestamp': '2025-11-30T14:39:22.921761', 'category': 'telegram_api', 'error_type': 'NetworkError', 'error_message': 'httpx.ConnectError: [Errno 11001] getaddrinfo failed', 'traceback': 'NoneType: None\n'}
2025-11-30 14:39:22,921 - UltimateGroupKingBot - CRITICAL - _check_critical_error:385 - CRITICAL ERROR: {'timestamp': '2025-11-30T14:39:22.921761', 'category': 'telegram_api', 'error_type': 'NetworkError', 'error_message': 'httpx.ConnectError: [Errno 11001] getaddrinfo failed', 'traceback': 'NoneType: None\n'}
2025-11-30 14:39:24,441 - UltimateGroupKingBot - ERROR - handle_error:112 - Exception while handling an update: httpx.ConnectError: [Errno 11001] getaddrinfo failed
2025-11-30 14:39:24,441 - UltimateGroupKingBot - ERROR - handle_error:112 - Exception while handling an update: httpx.ConnectError: [Errno 11001] getaddrinfo failed
2025-11-30 14:39:24,443 - UltimateGroupKingBot - ERROR - _log_detailed_error:184 - Detailed error info: {'timestamp': '2025-11-30T14:39:24.441500', 'category': 'telegram_api', 'error_type': 'NetworkError', 'error_message': 'httpx.ConnectError: [Errno 11001] getaddrinfo failed', 'traceback': 'NoneType: None\n', 'update_info': {}, 'context_info': {'bot_data': '{}', 'chat_data': 'None', 'user_data': 'None'}}
2025-11-30 14:39:24,443 - UltimateGroupKingBot - ERROR - _log_detailed_error:184 - Detailed error info: {'timestamp': '2025-11-30T14:39:24.441500', 'category': 'telegram_api', 'error_type': 'NetworkError', 'error_message': 'httpx.ConnectError: [Errno 11001] getaddrinfo failed', 'traceback': 'NoneType: None\n', 'update_info': {}, 'context_info': {'bot_data': '{}', 'chat_data': 'None', 'user_data': 'None'}}
2025-11-30 14:39:24,443 - UltimateGroupKingBot - INFO - _save_error_to_db:263 - Error saved to database: 2025-11-30T14:39:24.441500 - telegram_api
2025-11-30 14:39:24,443 - UltimateGroupKingBot - INFO - _save_error_to_db:263 - Error saved to database: 2025-11-30T14:39:24.441500 - telegram_api
2025-11-30 14:39:24,444 - UltimateGroupKingBot - CRITICAL - _check_critical_error:385 - CRITICAL ERROR: {'timestamp': '2025-11-30T14:39:24.444337', 'category': 'telegram_api', 'error_type': 'NetworkError', 'error_message': 'httpx.ConnectError: [Errno 11001] getaddrinfo failed', 'traceback': 'NoneType: None\n'}
2025-11-30 14:39:24,444 - UltimateGroupKingBot - CRITICAL - _check_critical_error:385 - CRITICAL ERROR: {'timestamp': '2025-11-30T14:39:24.444337', 'category': 'telegram_api', 'error_type': 'NetworkError', 'error_message': 'httpx.ConnectError: [Errno 11001] getaddrinfo failed', 'traceback': 'NoneType: None\n'}
2025-11-30 19:32:35,971 - UltimateGroupKingBot - ERROR - handle_error:112 - Exception while handling an update: 'NoneType' object has no attribute 'reply_text'
2025-11-30 19:32:35,971 - UltimateGroupKingBot - ERROR - handle_error:112 - Exception while handling an update: 'NoneType' object has no attribute 'reply_text'
2025-11-30 19:32:36,069 - UltimateGroupKingBot - INFO - _save_error_to_db:263 - Error saved to database: 2025-11-30T19:32:35.994460 - database
2025-11-30 19:32:36,069 - UltimateGroupKingBot - INFO - _save_error_to_db:263 - Error saved to database: 2025-11-30T19:32:35.994460 - database
2025-11-30 19:33:52,880 - UltimateGroupKingBot - ERROR - handle_error:112 - Exception while handling an update: Can't parse entities: can't find end of the entity starting at byte offset 2505
2025-11-30 19:33:52,880 - UltimateGroupKingBot - ERROR - handle_error:112 - Exception while handling an update: Can't parse entities: can't find end of the entity starting at byte offset 2505
2025-11-30 19:33:52,969 - UltimateGroupKingBot - INFO - _save_error_to_db:263 - Error saved to database: 2025-11-30T19:33:52.904633 - telegram_api
2025-11-30 19:33:52,969 - UltimateGroupKingBot - INFO - _save_error_to_db:263 - Error saved to database: 2025-11-30T19:33:52.904633 - telegram_api
2025-11-30 19:33:53,384 - UltimateGroupKingBot - CRITICAL - _check_critical_error:385 - CRITICAL ERROR: {'timestamp': '2025-11-30T19:33:53.381464', 'category': 'telegram_api', 'error_type': 'BadRequest', 'error_message': "Can't parse entities: can't find end of the entity starting at byte offset 2505", 'traceback': 'Traceback (most recent call last):\n  File "C:\\Users\\DELL\\AppData\\Local\\Programs\\Python\\Python312\\Lib\\site-packages\\telegram\\ext\\_application.py", line 1315, in process_update\n    await coroutine\n  File "C:\\Users\\DELL\\AppData\\Local\\Programs\\Python\\Python312\\Lib\\site-packages\\telegram\\ext\\_handlers\\basehandler.py", line 159, in handle_update\n    return await self.callback(update, context)\n           ^^^^^^^^^^^^^^^^^^^^^^^^^^^^^^^^^^^^\n  File "C:\\Users\\DELL\\OneDrive\\Desktop\\chaos\\bot_launcher.py", line 305, in help_command\n    await update.message.reply_text(help_text, reply_markup=reply_markup, parse_mode=\'Markdown\')\n  File "C:\\Users\\DELL\\AppData\\Local\\Programs\\Python\\Python312\\Lib\\site-packages\\telegram\\_message.py", line 2060, in reply_text\n    return await self.get_bot().send_message(\n           ^^^^^^^^^^^^^^^^^^^^^^^^^^^^^^^^^^\n  File "C:\\Users\\DELL\\AppData\\Local\\Programs\\Python\\Python312\\Lib\\site-packages\\telegram\\ext\\_extbot.py", line 3107, in send_message\n    return await super().send_message(\n           ^^^^^^^^^^^^^^^^^^^^^^^^^^^\n  File "C:\\Users\\DELL\\AppData\\Local\\Programs\\Python\\Python312\\Lib\\site-packages\\telegram\\_bot.py", line 1118, in send_message\n    return await self._send_message(\n           ^^^^^^^^^^^^^^^^^^^^^^^^^\n  File "C:\\Users\\DELL\\AppData\\Local\\Programs\\Python\\Python312\\Lib\\site-packages\\telegram\\ext\\_extbot.py", line 634, in _send_message\n    result = await super()._send_message(\n             ^^^^^^^^^^^^^^^^^^^^^^^^^^^^\n  File "C:\\Users\\DELL\\AppData\\Local\\Programs\\Python\\Python312\\Lib\\site-packages\\telegram\\_bot.py", line 819, in _send_message\n    result = await self._post(\n             ^^^^^^^^^^^^^^^^^\n  File "C:\\Users\\DELL\\AppData\\Local\\Programs\\Python\\Python312\\Lib\\site-packages\\telegram\\_bot.py", line 703, in _post\n    return await self._do_post(\n           ^^^^^^^^^^^^^^^^^^^^\n  File "C:\\Users\\DELL\\AppData\\Local\\Programs\\Python\\Python312\\Lib\\site-packages\\telegram\\ext\\_extbot.py", line 372, in _do_post\n    return await super()._do_post(\n           ^^^^^^^^^^^^^^^^^^^^^^^\n  File "C:\\Users\\DELL\\AppData\\Local\\Programs\\Python\\Python312\\Lib\\site-packages\\telegram\\_bot.py", line 732, in _do_post\n    result = await request.post(\n             ^^^^^^^^^^^^^^^^^^^\n  File "C:\\Users\\DELL\\AppData\\Local\\Programs\\Python\\Python312\\Lib\\site-packages\\telegram\\request\\_baserequest.py", line 198, in post\n    result = await self._request_wrapper(\n             ^^^^^^^^^^^^^^^^^^^^^^^^^^^^\n  File "C:\\Users\\DELL\\AppData\\Local\\Programs\\Python\\Python312\\Lib\\site-packages\\telegram\\request\\_baserequest.py", line 375, in _request_wrapper\n    raise exception\ntelegram.error.BadRequest: Can\'t parse entities: can\'t find end of the entity starting at byte offset 2505\n'}
2025-11-30 19:33:53,384 - UltimateGroupKingBot - CRITICAL - _check_critical_error:385 - CRITICAL ERROR: {'timestamp': '2025-11-30T19:33:53.381464', 'category': 'telegram_api', 'error_type': 'BadRequest', 'error_message': "Can't parse entities: can't find end of the entity starting at byte offset 2505", 'traceback': 'Traceback (most recent call last):\n  File "C:\\Users\\DELL\\AppData\\Local\\Programs\\Python\\Python312\\Lib\\site-packages\\telegram\\ext\\_application.py", line 1315, in process_update\n    await coroutine\n  File "C:\\Users\\DELL\\AppData\\Local\\Programs\\Python\\Python312\\Lib\\site-packages\\telegram\\ext\\_handlers\\basehandler.py", line 159, in handle_update\n    return await self.callback(update, context)\n           ^^^^^^^^^^^^^^^^^^^^^^^^^^^^^^^^^^^^\n  File "C:\\Users\\DELL\\OneDrive\\Desktop\\chaos\\bot_launcher.py", line 305, in help_command\n    await update.message.reply_text(help_text, reply_markup=reply_markup, parse_mode=\'Markdown\')\n  File "C:\\Users\\DELL\\AppData\\Local\\Programs\\Python\\Python312\\Lib\\site-packages\\telegram\\_message.py", line 2060, in reply_text\n    return await self.get_bot().send_message(\n           ^^^^^^^^^^^^^^^^^^^^^^^^^^^^^^^^^^\n  File "C:\\Users\\DELL\\AppData\\Local\\Programs\\Python\\Python312\\Lib\\site-packages\\telegram\\ext\\_extbot.py", line 3107, in send_message\n    return await super().send_message(\n           ^^^^^^^^^^^^^^^^^^^^^^^^^^^\n  File "C:\\Users\\DELL\\AppData\\Local\\Programs\\Python\\Python312\\Lib\\site-packages\\telegram\\_bot.py", line 1118, in send_message\n    return await self._send_message(\n           ^^^^^^^^^^^^^^^^^^^^^^^^^\n  File "C:\\Users\\DELL\\AppData\\Local\\Programs\\Python\\Python312\\Lib\\site-packages\\telegram\\ext\\_extbot.py", line 634, in _send_message\n    result = await super()._send_message(\n             ^^^^^^^^^^^^^^^^^^^^^^^^^^^^\n  File "C:\\Users\\DELL\\AppData\\Local\\Programs\\Python\\Python312\\Lib\\site-packages\\telegram\\_bot.py", line 819, in _send_message\n    result = await self._post(\n             ^^^^^^^^^^^^^^^^^\n  File "C:\\Users\\DELL\\AppData\\Local\\Programs\\Python\\Python312\\Lib\\site-packages\\telegram\\_bot.py", line 703, in _post\n    return await self._do_post(\n           ^^^^^^^^^^^^^^^^^^^^\n  File "C:\\Users\\DELL\\AppData\\Local\\Programs\\Python\\Python312\\Lib\\site-packages\\telegram\\ext\\_extbot.py", line 372, in _do_post\n    return await super()._do_post(\n           ^^^^^^^^^^^^^^^^^^^^^^^\n  File "C:\\Users\\DELL\\AppData\\Local\\Programs\\Python\\Python312\\Lib\\site-packages\\telegram\\_bot.py", line 732, in _do_post\n    result = await request.post(\n             ^^^^^^^^^^^^^^^^^^^\n  File "C:\\Users\\DELL\\AppData\\Local\\Programs\\Python\\Python312\\Lib\\site-packages\\telegram\\request\\_baserequest.py", line 198, in post\n    result = await self._request_wrapper(\n             ^^^^^^^^^^^^^^^^^^^^^^^^^^^^\n  File "C:\\Users\\DELL\\AppData\\Local\\Programs\\Python\\Python312\\Lib\\site-packages\\telegram\\request\\_baserequest.py", line 375, in _request_wrapper\n    raise exception\ntelegram.error.BadRequest: Can\'t parse entities: can\'t find end of the entity starting at byte offset 2505\n'}
2025-11-30 19:33:57,726 - UltimateGroupKingBot - ERROR - handle_error:112 - Exception while handling an update: Can't parse entities: can't find end of the entity starting at byte offset 2505
2025-11-30 19:33:57,726 - UltimateGroupKingBot - ERROR - handle_error:112 - Exception while handling an update: Can't parse entities: can't find end of the entity starting at byte offset 2505
2025-11-30 19:33:57,781 - UltimateGroupKingBot - INFO - _save_error_to_db:263 - Error saved to database: 2025-11-30T19:33:57.730474 - telegram_api
2025-11-30 19:33:57,781 - UltimateGroupKingBot - INFO - _save_error_to_db:263 - Error saved to database: 2025-11-30T19:33:57.730474 - telegram_api
2025-11-30 19:33:58,960 - UltimateGroupKingBot - CRITICAL - _check_critical_error:385 - CRITICAL ERROR: {'timestamp': '2025-11-30T19:33:58.959917', 'category': 'telegram_api', 'error_type': 'BadRequest', 'error_message': "Can't parse entities: can't find end of the entity starting at byte offset 2505", 'traceback': 'Traceback (most recent call last):\n  File "C:\\Users\\DELL\\AppData\\Local\\Programs\\Python\\Python312\\Lib\\site-packages\\telegram\\ext\\_application.py", line 1315, in process_update\n    await coroutine\n  File "C:\\Users\\DELL\\AppData\\Local\\Programs\\Python\\Python312\\Lib\\site-packages\\telegram\\ext\\_handlers\\basehandler.py", line 159, in handle_update\n    return await self.callback(update, context)\n           ^^^^^^^^^^^^^^^^^^^^^^^^^^^^^^^^^^^^\n  File "C:\\Users\\DELL\\OneDrive\\Desktop\\chaos\\bot_launcher.py", line 305, in help_command\n    await update.message.reply_text(help_text, reply_markup=reply_markup, parse_mode=\'Markdown\')\n  File "C:\\Users\\DELL\\AppData\\Local\\Programs\\Python\\Python312\\Lib\\site-packages\\telegram\\_message.py", line 2060, in reply_text\n    return await self.get_bot().send_message(\n           ^^^^^^^^^^^^^^^^^^^^^^^^^^^^^^^^^^\n  File "C:\\Users\\DELL\\AppData\\Local\\Programs\\Python\\Python312\\Lib\\site-packages\\telegram\\ext\\_extbot.py", line 3107, in send_message\n    return await super().send_message(\n           ^^^^^^^^^^^^^^^^^^^^^^^^^^^\n  File "C:\\Users\\DELL\\AppData\\Local\\Programs\\Python\\Python312\\Lib\\site-packages\\telegram\\_bot.py", line 1118, in send_message\n    return await self._send_message(\n           ^^^^^^^^^^^^^^^^^^^^^^^^^\n  File "C:\\Users\\DELL\\AppData\\Local\\Programs\\Python\\Python312\\Lib\\site-packages\\telegram\\ext\\_extbot.py", line 634, in _send_message\n    result = await super()._send_message(\n             ^^^^^^^^^^^^^^^^^^^^^^^^^^^^\n  File "C:\\Users\\DELL\\AppData\\Local\\Programs\\Python\\Python312\\Lib\\site-packages\\telegram\\_bot.py", line 819, in _send_message\n    result = await self._post(\n             ^^^^^^^^^^^^^^^^^\n  File "C:\\Users\\DELL\\AppData\\Local\\Programs\\Python\\Python312\\Lib\\site-packages\\telegram\\_bot.py", line 703, in _post\n    return await self._do_post(\n           ^^^^^^^^^^^^^^^^^^^^\n  File "C:\\Users\\DELL\\AppData\\Local\\Programs\\Python\\Python312\\Lib\\site-packages\\telegram\\ext\\_extbot.py", line 372, in _do_post\n    return await super()._do_post(\n           ^^^^^^^^^^^^^^^^^^^^^^^\n  File "C:\\Users\\DELL\\AppData\\Local\\Programs\\Python\\Python312\\Lib\\site-packages\\telegram\\_bot.py", line 732, in _do_post\n    result = await request.post(\n             ^^^^^^^^^^^^^^^^^^^\n  File "C:\\Users\\DELL\\AppData\\Local\\Programs\\Python\\Python312\\Lib\\site-packages\\telegram\\request\\_baserequest.py", line 198, in post\n    result = await self._request_wrapper(\n             ^^^^^^^^^^^^^^^^^^^^^^^^^^^^\n  File "C:\\Users\\DELL\\AppData\\Local\\Programs\\Python\\Python312\\Lib\\site-packages\\telegram\\request\\_baserequest.py", line 375, in _request_wrapper\n    raise exception\ntelegram.error.BadRequest: Can\'t parse entities: can\'t find end of the entity starting at byte offset 2505\n'}
2025-11-30 19:33:58,960 - UltimateGroupKingBot - CRITICAL - _check_critical_error:385 - CRITICAL ERROR: {'timestamp': '2025-11-30T19:33:58.959917', 'category': 'telegram_api', 'error_type': 'BadRequest', 'error_message': "Can't parse entities: can't find end of the entity starting at byte offset 2505", 'traceback': 'Traceback (most recent call last):\n  File "C:\\Users\\DELL\\AppData\\Local\\Programs\\Python\\Python312\\Lib\\site-packages\\telegram\\ext\\_application.py", line 1315, in process_update\n    await coroutine\n  File "C:\\Users\\DELL\\AppData\\Local\\Programs\\Python\\Python312\\Lib\\site-packages\\telegram\\ext\\_handlers\\basehandler.py", line 159, in handle_update\n    return await self.callback(update, context)\n           ^^^^^^^^^^^^^^^^^^^^^^^^^^^^^^^^^^^^\n  File "C:\\Users\\DELL\\OneDrive\\Desktop\\chaos\\bot_launcher.py", line 305, in help_command\n    await update.message.reply_text(help_text, reply_markup=reply_markup, parse_mode=\'Markdown\')\n  File "C:\\Users\\DELL\\AppData\\Local\\Programs\\Python\\Python312\\Lib\\site-packages\\telegram\\_message.py", line 2060, in reply_text\n    return await self.get_bot().send_message(\n           ^^^^^^^^^^^^^^^^^^^^^^^^^^^^^^^^^^\n  File "C:\\Users\\DELL\\AppData\\Local\\Programs\\Python\\Python312\\Lib\\site-packages\\telegram\\ext\\_extbot.py", line 3107, in send_message\n    return await super().send_message(\n           ^^^^^^^^^^^^^^^^^^^^^^^^^^^\n  File "C:\\Users\\DELL\\AppData\\Local\\Programs\\Python\\Python312\\Lib\\site-packages\\telegram\\_bot.py", line 1118, in send_message\n    return await self._send_message(\n           ^^^^^^^^^^^^^^^^^^^^^^^^^\n  File "C:\\Users\\DELL\\AppData\\Local\\Programs\\Python\\Python312\\Lib\\site-packages\\telegram\\ext\\_extbot.py", line 634, in _send_message\n    result = await super()._send_message(\n             ^^^^^^^^^^^^^^^^^^^^^^^^^^^^\n  File "C:\\Users\\DELL\\AppData\\Local\\Programs\\Python\\Python312\\Lib\\site-packages\\telegram\\_bot.py", line 819, in _send_message\n    result = await self._post(\n             ^^^^^^^^^^^^^^^^^\n  File "C:\\Users\\DELL\\AppData\\Local\\Programs\\Python\\Python312\\Lib\\site-packages\\telegram\\_bot.py", line 703, in _post\n    return await self._do_post(\n           ^^^^^^^^^^^^^^^^^^^^\n  File "C:\\Users\\DELL\\AppData\\Local\\Programs\\Python\\Python312\\Lib\\site-packages\\telegram\\ext\\_extbot.py", line 372, in _do_post\n    return await super()._do_post(\n           ^^^^^^^^^^^^^^^^^^^^^^^\n  File "C:\\Users\\DELL\\AppData\\Local\\Programs\\Python\\Python312\\Lib\\site-packages\\telegram\\_bot.py", line 732, in _do_post\n    result = await request.post(\n             ^^^^^^^^^^^^^^^^^^^\n  File "C:\\Users\\DELL\\AppData\\Local\\Programs\\Python\\Python312\\Lib\\site-packages\\telegram\\request\\_baserequest.py", line 198, in post\n    result = await self._request_wrapper(\n             ^^^^^^^^^^^^^^^^^^^^^^^^^^^^\n  File "C:\\Users\\DELL\\AppData\\Local\\Programs\\Python\\Python312\\Lib\\site-packages\\telegram\\request\\_baserequest.py", line 375, in _request_wrapper\n    raise exception\ntelegram.error.BadRequest: Can\'t parse entities: can\'t find end of the entity starting at byte offset 2505\n'}
2025-11-30 19:36:37,728 - UltimateGroupKingBot - ERROR - handle_error:112 - Exception while handling an update: Timed out
2025-11-30 19:36:37,728 - UltimateGroupKingBot - ERROR - handle_error:112 - Exception while handling an update: Timed out
2025-11-30 19:36:37,812 - UltimateGroupKingBot - INFO - _save_error_to_db:263 - Error saved to database: 2025-11-30T19:36:37.770422 - telegram_api
2025-11-30 19:36:37,812 - UltimateGroupKingBot - INFO - _save_error_to_db:263 - Error saved to database: 2025-11-30T19:36:37.770422 - telegram_api
2025-11-30 19:36:40,881 - UltimateGroupKingBot - CRITICAL - _check_critical_error:385 - CRITICAL ERROR: {'timestamp': '2025-11-30T19:36:40.879157', 'category': 'telegram_api', 'error_type': 'TimedOut', 'error_message': 'Timed out', 'traceback': 'Traceback (most recent call last):\n  File "C:\\Users\\DELL\\AppData\\Local\\Programs\\Python\\Python312\\Lib\\site-packages\\httpx\\_transports\\default.py", line 101, in map_httpcore_exceptions\n    yield\n  File "C:\\Users\\DELL\\AppData\\Local\\Programs\\Python\\Python312\\Lib\\site-packages\\httpx\\_transports\\default.py", line 394, in handle_async_request\n    resp = await self._pool.handle_async_request(req)\n           ^^^^^^^^^^^^^^^^^^^^^^^^^^^^^^^^^^^^^^^^^^\n  File "C:\\Users\\DELL\\AppData\\Local\\Programs\\Python\\Python312\\Lib\\site-packages\\httpcore\\_async\\connection_pool.py", line 256, in handle_async_request\n    raise exc from None\n  File "C:\\Users\\DELL\\AppData\\Local\\Programs\\Python\\Python312\\Lib\\site-packages\\httpcore\\_async\\connection_pool.py", line 236, in handle_async_request\n    response = await connection.handle_async_request(\n               ^^^^^^^^^^^^^^^^^^^^^^^^^^^^^^^^^^^^^^\n  File "C:\\Users\\DELL\\AppData\\Local\\Programs\\Python\\Python312\\Lib\\site-packages\\httpcore\\_async\\connection.py", line 103, in handle_async_request\n    return await self._connection.handle_async_request(request)\n           ^^^^^^^^^^^^^^^^^^^^^^^^^^^^^^^^^^^^^^^^^^^^^^^^^^^^\n  File "C:\\Users\\DELL\\AppData\\Local\\Programs\\Python\\Python312\\Lib\\site-packages\\httpcore\\_async\\http11.py", line 136, in handle_async_request\n    raise exc\n  File "C:\\Users\\DELL\\AppData\\Local\\Programs\\Python\\Python312\\Lib\\site-packages\\httpcore\\_async\\http11.py", line 106, in handle_async_request\n    ) = await self._receive_response_headers(**kwargs)\n        ^^^^^^^^^^^^^^^^^^^^^^^^^^^^^^^^^^^^^^^^^^^^^^\n  File "C:\\Users\\DELL\\AppData\\Local\\Programs\\Python\\Python312\\Lib\\site-packages\\httpcore\\_async\\http11.py", line 177, in _receive_response_headers\n    event = await self._receive_event(timeout=timeout)\n            ^^^^^^^^^^^^^^^^^^^^^^^^^^^^^^^^^^^^^^^^^^\n  File "C:\\Users\\DELL\\AppData\\Local\\Programs\\Python\\Python312\\Lib\\site-packages\\httpcore\\_async\\http11.py", line 217, in _receive_event\n    data = await self._network_stream.read(\n           ^^^^^^^^^^^^^^^^^^^^^^^^^^^^^^^^\n  File "C:\\Users\\DELL\\AppData\\Local\\Programs\\Python\\Python312\\Lib\\site-packages\\httpcore\\_backends\\anyio.py", line 32, in read\n    with map_exceptions(exc_map):\n  File "C:\\Users\\DELL\\AppData\\Local\\Programs\\Python\\Python312\\Lib\\contextlib.py", line 155, in __exit__\n    self.gen.throw(value)\n  File "C:\\Users\\DELL\\AppData\\Local\\Programs\\Python\\Python312\\Lib\\site-packages\\httpcore\\_exceptions.py", line 14, in map_exceptions\n    raise to_exc(exc) from exc\nhttpcore.ReadTimeout\n\nThe above exception was the direct cause of the following exception:\n\nTraceback (most recent call last):\n  File "C:\\Users\\DELL\\AppData\\Local\\Programs\\Python\\Python312\\Lib\\site-packages\\telegram\\request\\_httpxrequest.py", line 279, in do_request\n    res = await self._client.request(\n          ^^^^^^^^^^^^^^^^^^^^^^^^^^^\n  File "C:\\Users\\DELL\\AppData\\Local\\Programs\\Python\\Python312\\Lib\\site-packages\\httpx\\_client.py", line 1540, in request\n    return await self.send(request, auth=auth, follow_redirects=follow_redirects)\n           ^^^^^^^^^^^^^^^^^^^^^^^^^^^^^^^^^^^^^^^^^^^^^^^^^^^^^^^^^^^^^^^^^^^^^^\n  File "C:\\Users\\DELL\\AppData\\Local\\Programs\\Python\\Python312\\Lib\\site-packages\\httpx\\_client.py", line 1629, in send\n    response = await self._send_handling_auth(\n               ^^^^^^^^^^^^^^^^^^^^^^^^^^^^^^^\n  File "C:\\Users\\DELL\\AppData\\Local\\Programs\\Python\\Python312\\Lib\\site-packages\\httpx\\_client.py", line 1657, in _send_handling_auth\n    response = await self._send_handling_redirects(\n               ^^^^^^^^^^^^^^^^^^^^^^^^^^^^^^^^^^^^\n  File "C:\\Users\\DELL\\AppData\\Local\\Programs\\Python\\Python312\\Lib\\site-packages\\httpx\\_client.py", line 1694, in _send_handling_redirects\n    response = await self._send_single_request(request)\n               ^^^^^^^^^^^^^^^^^^^^^^^^^^^^^^^^^^^^^^^^\n  File "C:\\Users\\DELL\\AppData\\Local\\Programs\\Python\\Python312\\Lib\\site-packages\\httpx\\_client.py", line 1730, in _send_single_request\n    response = await transport.handle_async_request(request)\n               ^^^^^^^^^^^^^^^^^^^^^^^^^^^^^^^^^^^^^^^^^^^^^\n  File "C:\\Users\\DELL\\AppData\\Local\\Programs\\Python\\Python312\\Lib\\site-packages\\httpx\\_transports\\default.py", line 393, in handle_async_request\n    with map_httpcore_exceptions():\n  File "C:\\Users\\DELL\\AppData\\Local\\Programs\\Python\\Python312\\Lib\\contextlib.py", line 155, in __exit__\n    self.gen.throw(value)\n  File "C:\\Users\\DELL\\AppData\\Local\\Programs\\Python\\Python312\\Lib\\site-packages\\httpx\\_transports\\default.py", line 118, in map_httpcore_exceptions\n    raise mapped_exc(message) from exc\nhttpx.ReadTimeout\n\nThe above exception was the direct cause of the following exception:\n\nTraceback (most recent call last):\n  File "C:\\Users\\DELL\\AppData\\Local\\Programs\\Python\\Python312\\Lib\\site-packages\\telegram\\ext\\_application.py", line 1315, in process_update\n    await coroutine\n  File "C:\\Users\\DELL\\AppData\\Local\\Programs\\Python\\Python312\\Lib\\site-packages\\telegram\\ext\\_handlers\\basehandler.py", line 159, in handle_update\n    return await self.callback(update, context)\n           ^^^^^^^^^^^^^^^^^^^^^^^^^^^^^^^^^^^^\n  File "C:\\Users\\DELL\\OneDrive\\Desktop\\chaos\\bot_launcher.py", line 404, in callback_query_handler\n    await query.answer("Unknown callback")\n  File "C:\\Users\\DELL\\AppData\\Local\\Programs\\Python\\Python312\\Lib\\site-packages\\telegram\\_callbackquery.py", line 189, in answer\n    return await self.get_bot().answer_callback_query(\n           ^^^^^^^^^^^^^^^^^^^^^^^^^^^^^^^^^^^^^^^^^^^\n  File "C:\\Users\\DELL\\AppData\\Local\\Programs\\Python\\Python312\\Lib\\site-packages\\telegram\\ext\\_extbot.py", line 972, in answer_callback_query\n    return await super().answer_callback_query(\n           ^^^^^^^^^^^^^^^^^^^^^^^^^^^^^^^^^^^^\n  File "C:\\Users\\DELL\\AppData\\Local\\Programs\\Python\\Python312\\Lib\\site-packages\\telegram\\_bot.py", line 4360, in answer_callback_query\n    return await self._post(\n           ^^^^^^^^^^^^^^^^^\n  File "C:\\Users\\DELL\\AppData\\Local\\Programs\\Python\\Python312\\Lib\\site-packages\\telegram\\_bot.py", line 703, in _post\n    return await self._do_post(\n           ^^^^^^^^^^^^^^^^^^^^\n  File "C:\\Users\\DELL\\AppData\\Local\\Programs\\Python\\Python312\\Lib\\site-packages\\telegram\\ext\\_extbot.py", line 372, in _do_post\n    return await super()._do_post(\n           ^^^^^^^^^^^^^^^^^^^^^^^\n  File "C:\\Users\\DELL\\AppData\\Local\\Programs\\Python\\Python312\\Lib\\site-packages\\telegram\\_bot.py", line 732, in _do_post\n    result = await request.post(\n             ^^^^^^^^^^^^^^^^^^^\n  File "C:\\Users\\DELL\\AppData\\Local\\Programs\\Python\\Python312\\Lib\\site-packages\\telegram\\request\\_baserequest.py", line 198, in post\n    result = await self._request_wrapper(\n             ^^^^^^^^^^^^^^^^^^^^^^^^^^^^\n  File "C:\\Users\\DELL\\AppData\\Local\\Programs\\Python\\Python312\\Lib\\site-packages\\telegram\\request\\_baserequest.py", line 305, in _request_wrapper\n    code, payload = await self.do_request(\n                    ^^^^^^^^^^^^^^^^^^^^^^\n  File "C:\\Users\\DELL\\AppData\\Local\\Programs\\Python\\Python312\\Lib\\site-packages\\telegram\\request\\_httpxrequest.py", line 296, in do_request\n    raise TimedOut from err\ntelegram.error.TimedOut: Timed out\n'}
2025-11-30 19:36:40,881 - UltimateGroupKingBot - CRITICAL - _check_critical_error:385 - CRITICAL ERROR: {'timestamp': '2025-11-30T19:36:40.879157', 'category': 'telegram_api', 'error_type': 'TimedOut', 'error_message': 'Timed out', 'traceback': 'Traceback (most recent call last):\n  File "C:\\Users\\DELL\\AppData\\Local\\Programs\\Python\\Python312\\Lib\\site-packages\\httpx\\_transports\\default.py", line 101, in map_httpcore_exceptions\n    yield\n  File "C:\\Users\\DELL\\AppData\\Local\\Programs\\Python\\Python312\\Lib\\site-packages\\httpx\\_transports\\default.py", line 394, in handle_async_request\n    resp = await self._pool.handle_async_request(req)\n           ^^^^^^^^^^^^^^^^^^^^^^^^^^^^^^^^^^^^^^^^^^\n  File "C:\\Users\\DELL\\AppData\\Local\\Programs\\Python\\Python312\\Lib\\site-packages\\httpcore\\_async\\connection_pool.py", line 256, in handle_async_request\n    raise exc from None\n  File "C:\\Users\\DELL\\AppData\\Local\\Programs\\Python\\Python312\\Lib\\site-packages\\httpcore\\_async\\connection_pool.py", line 236, in handle_async_request\n    response = await connection.handle_async_request(\n               ^^^^^^^^^^^^^^^^^^^^^^^^^^^^^^^^^^^^^^\n  File "C:\\Users\\DELL\\AppData\\Local\\Programs\\Python\\Python312\\Lib\\site-packages\\httpcore\\_async\\connection.py", line 103, in handle_async_request\n    return await self._connection.handle_async_request(request)\n           ^^^^^^^^^^^^^^^^^^^^^^^^^^^^^^^^^^^^^^^^^^^^^^^^^^^^\n  File "C:\\Users\\DELL\\AppData\\Local\\Programs\\Python\\Python312\\Lib\\site-packages\\httpcore\\_async\\http11.py", line 136, in handle_async_request\n    raise exc\n  File "C:\\Users\\DELL\\AppData\\Local\\Programs\\Python\\Python312\\Lib\\site-packages\\httpcore\\_async\\http11.py", line 106, in handle_async_request\n    ) = await self._receive_response_headers(**kwargs)\n        ^^^^^^^^^^^^^^^^^^^^^^^^^^^^^^^^^^^^^^^^^^^^^^\n  File "C:\\Users\\DELL\\AppData\\Local\\Programs\\Python\\Python312\\Lib\\site-packages\\httpcore\\_async\\http11.py", line 177, in _receive_response_headers\n    event = await self._receive_event(timeout=timeout)\n            ^^^^^^^^^^^^^^^^^^^^^^^^^^^^^^^^^^^^^^^^^^\n  File "C:\\Users\\DELL\\AppData\\Local\\Programs\\Python\\Python312\\Lib\\site-packages\\httpcore\\_async\\http11.py", line 217, in _receive_event\n    data = await self._network_stream.read(\n           ^^^^^^^^^^^^^^^^^^^^^^^^^^^^^^^^\n  File "C:\\Users\\DELL\\AppData\\Local\\Programs\\Python\\Python312\\Lib\\site-packages\\httpcore\\_backends\\anyio.py", line 32, in read\n    with map_exceptions(exc_map):\n  File "C:\\Users\\DELL\\AppData\\Local\\Programs\\Python\\Python312\\Lib\\contextlib.py", line 155, in __exit__\n    self.gen.throw(value)\n  File "C:\\Users\\DELL\\AppData\\Local\\Programs\\Python\\Python312\\Lib\\site-packages\\httpcore\\_exceptions.py", line 14, in map_exceptions\n    raise to_exc(exc) from exc\nhttpcore.ReadTimeout\n\nThe above exception was the direct cause of the following exception:\n\nTraceback (most recent call last):\n  File "C:\\Users\\DELL\\AppData\\Local\\Programs\\Python\\Python312\\Lib\\site-packages\\telegram\\request\\_httpxrequest.py", line 279, in do_request\n    res = await self._client.request(\n          ^^^^^^^^^^^^^^^^^^^^^^^^^^^\n  File "C:\\Users\\DELL\\AppData\\Local\\Programs\\Python\\Python312\\Lib\\site-packages\\httpx\\_client.py", line 1540, in request\n    return await self.send(request, auth=auth, follow_redirects=follow_redirects)\n           ^^^^^^^^^^^^^^^^^^^^^^^^^^^^^^^^^^^^^^^^^^^^^^^^^^^^^^^^^^^^^^^^^^^^^^\n  File "C:\\Users\\DELL\\AppData\\Local\\Programs\\Python\\Python312\\Lib\\site-packages\\httpx\\_client.py", line 1629, in send\n    response = await self._send_handling_auth(\n               ^^^^^^^^^^^^^^^^^^^^^^^^^^^^^^^\n  File "C:\\Users\\DELL\\AppData\\Local\\Programs\\Python\\Python312\\Lib\\site-packages\\httpx\\_client.py", line 1657, in _send_handling_auth\n    response = await self._send_handling_redirects(\n               ^^^^^^^^^^^^^^^^^^^^^^^^^^^^^^^^^^^^\n  File "C:\\Users\\DELL\\AppData\\Local\\Programs\\Python\\Python312\\Lib\\site-packages\\httpx\\_client.py", line 1694, in _send_handling_redirects\n    response = await self._send_single_request(request)\n               ^^^^^^^^^^^^^^^^^^^^^^^^^^^^^^^^^^^^^^^^\n  File "C:\\Users\\DELL\\AppData\\Local\\Programs\\Python\\Python312\\Lib\\site-packages\\httpx\\_client.py", line 1730, in _send_single_request\n    response = await transport.handle_async_request(request)\n               ^^^^^^^^^^^^^^^^^^^^^^^^^^^^^^^^^^^^^^^^^^^^^\n  File "C:\\Users\\DELL\\AppData\\Local\\Programs\\Python\\Python312\\Lib\\site-packages\\httpx\\_transports\\default.py", line 393, in handle_async_request\n    with map_httpcore_exceptions():\n  File "C:\\Users\\DELL\\AppData\\Local\\Programs\\Python\\Python312\\Lib\\contextlib.py", line 155, in __exit__\n    self.gen.throw(value)\n  File "C:\\Users\\DELL\\AppData\\Local\\Programs\\Python\\Python312\\Lib\\site-packages\\httpx\\_transports\\default.py", line 118, in map_httpcore_exceptions\n    raise mapped_exc(message) from exc\nhttpx.ReadTimeout\n\nThe above exception was the direct cause of the following exception:\n\nTraceback (most recent call last):\n  File "C:\\Users\\DELL\\AppData\\Local\\Programs\\Python\\Python312\\Lib\\site-packages\\telegram\\ext\\_application.py", line 1315, in process_update\n    await coroutine\n  File "C:\\Users\\DELL\\AppData\\Local\\Programs\\Python\\Python312\\Lib\\site-packages\\telegram\\ext\\_handlers\\basehandler.py", line 159, in handle_update\n    return await self.callback(update, context)\n           ^^^^^^^^^^^^^^^^^^^^^^^^^^^^^^^^^^^^\n  File "C:\\Users\\DELL\\OneDrive\\Desktop\\chaos\\bot_launcher.py", line 404, in callback_query_handler\n    await query.answer("Unknown callback")\n  File "C:\\Users\\DELL\\AppData\\Local\\Programs\\Python\\Python312\\Lib\\site-packages\\telegram\\_callbackquery.py", line 189, in answer\n    return await self.get_bot().answer_callback_query(\n           ^^^^^^^^^^^^^^^^^^^^^^^^^^^^^^^^^^^^^^^^^^^\n  File "C:\\Users\\DELL\\AppData\\Local\\Programs\\Python\\Python312\\Lib\\site-packages\\telegram\\ext\\_extbot.py", line 972, in answer_callback_query\n    return await super().answer_callback_query(\n           ^^^^^^^^^^^^^^^^^^^^^^^^^^^^^^^^^^^^\n  File "C:\\Users\\DELL\\AppData\\Local\\Programs\\Python\\Python312\\Lib\\site-packages\\telegram\\_bot.py", line 4360, in answer_callback_query\n    return await self._post(\n           ^^^^^^^^^^^^^^^^^\n  File "C:\\Users\\DELL\\AppData\\Local\\Programs\\Python\\Python312\\Lib\\site-packages\\telegram\\_bot.py", line 703, in _post\n    return await self._do_post(\n           ^^^^^^^^^^^^^^^^^^^^\n  File "C:\\Users\\DELL\\AppData\\Local\\Programs\\Python\\Python312\\Lib\\site-packages\\telegram\\ext\\_extbot.py", line 372, in _do_post\n    return await super()._do_post(\n           ^^^^^^^^^^^^^^^^^^^^^^^\n  File "C:\\Users\\DELL\\AppData\\Local\\Programs\\Python\\Python312\\Lib\\site-packages\\telegram\\_bot.py", line 732, in _do_post\n    result = await request.post(\n             ^^^^^^^^^^^^^^^^^^^\n  File "C:\\Users\\DELL\\AppData\\Local\\Programs\\Python\\Python312\\Lib\\site-packages\\telegram\\request\\_baserequest.py", line 198, in post\n    result = await self._request_wrapper(\n             ^^^^^^^^^^^^^^^^^^^^^^^^^^^^\n  File "C:\\Users\\DELL\\AppData\\Local\\Programs\\Python\\Python312\\Lib\\site-packages\\telegram\\request\\_baserequest.py", line 305, in _request_wrapper\n    code, payload = await self.do_request(\n                    ^^^^^^^^^^^^^^^^^^^^^^\n  File "C:\\Users\\DELL\\AppData\\Local\\Programs\\Python\\Python312\\Lib\\site-packages\\telegram\\request\\_httpxrequest.py", line 296, in do_request\n    raise TimedOut from err\ntelegram.error.TimedOut: Timed out\n'}
